[0825/042015.383:ERROR:process_reader_win.cc(151)] SuspendThread: Access is denied. (0x5)
[0825/042015.418:ERROR:process_reader_win.cc(151)] SuspendThread: Access is denied. (0x5)
[0825/042015.418:ERROR:process_reader_win.cc(151)] SuspendThread: Access is denied. (0x5)
[0825/042015.418:ERROR:process_reader_win.cc(123)] NtOpenThread: {Access Denied} A process has requested access to an object, but has not been granted those access rights. (0xc0000022)
[0825/042015.420:ERROR:exception_snapshot_win.cc(98)] thread ID 18732 not found in process
[0825/042015.347:ERROR:process_reader_win.cc(151)] SuspendThread: Access is denied. (0x5)
[0825/042015.420:ERROR:process_reader_win.cc(151)] SuspendThread: Access is denied. (0x5)
[0825/042015.420:ERROR:process_reader_win.cc(151)] SuspendThread: Access is denied. (0x5)
[0825/042015.422:ERROR:process_reader_win.cc(123)] NtOpenThread: {Access Denied} A process has requested access to an object, but has not been granted those access rights. (0xc0000022)
[0825/042015.423:ERROR:exception_snapshot_win.cc(98)] thread ID 21116 not found in process
[0825/051111.258:ERROR:process_reader_win.cc(123)] NtOpenThread: {Access Denied} A process has requested access to an object, but has not been granted those access rights. (0xc0000022)
[0825/051111.594:ERROR:exception_snapshot_win.cc(98)] thread ID 12096 not found in process
[0825/051111.770:ERROR:process_reader_win.cc(151)] SuspendThread: Access is denied. (0x5)
[0825/051111.895:ERROR:process_reader_win.cc(151)] SuspendThread: Access is denied. (0x5)
[0825/051112.067:ERROR:process_reader_win.cc(151)] SuspendThread: Access is denied. (0x5)
[0825/051112.153:ERROR:process_reader_win.cc(151)] SuspendThread: Access is denied. (0x5)
[0825/051112.190:ERROR:exception_snapshot_win.cc(98)] thread ID 14788 not found in process
[0825/051112.283:ERROR:scoped_process_suspend.cc(40)] NtResumeProcess: An attempt was made to access an exiting process. (0xc000010a)
[0825/153222.270:ERROR:process_reader_win.cc(123)] NtOpenThread: {Access Denied} A process has requested access to an object, but has not been granted those access rights. (0xc0000022)
[0825/153222.287:ERROR:exception_snapshot_win.cc(98)] thread ID 5944 not found in process
[0825/153222.297:ERROR:process_reader_win.cc(123)] NtOpenThread: {Access Denied} A process has requested access to an object, but has not been granted those access rights. (0xc0000022)
[0825/153222.305:ERROR:exception_snapshot_win.cc(98)] thread ID 13304 not found in process
[0825/153222.305:ERROR:exception_snapshot_win.cc(98)] thread ID 5864 not found in process
[0825/155541.985:ERROR:process_reader_win.cc(151)] SuspendThread: Access is denied. (0x5)
[0825/155541.989:ERROR:process_reader_win.cc(151)] SuspendThread: Access is denied. (0x5)
[0825/155541.989:ERROR:process_reader_win.cc(151)] SuspendThread: Access is denied. (0x5)
[0825/155541.989:ERROR:process_reader_win.cc(151)] SuspendThread: Access is denied. (0x5)
[0825/155541.990:ERROR:process_reader_win.cc(151)] SuspendThread: Access is denied. (0x5)
[0825/155541.990:ERROR:process_reader_win.cc(151)] SuspendThread: Access is denied. (0x5)
[0825/155541.990:ERROR:process_reader_win.cc(151)] SuspendThread: Access is denied. (0x5)
[0825/155541.991:ERROR:process_reader_win.cc(151)] SuspendThread: Access is denied. (0x5)
[0825/155541.991:ERROR:process_reader_win.cc(151)] SuspendThread: Access is denied. (0x5)
[0825/155541.992:ERROR:process_reader_win.cc(151)] SuspendThread: Access is denied. (0x5)
[0825/155541.992:ERROR:process_reader_win.cc(151)] SuspendThread: Access is denied. (0x5)
[0825/155541.993:ERROR:process_reader_win.cc(151)] SuspendThread: Access is denied. (0x5)
[0825/155541.993:ERROR:process_reader_win.cc(123)] NtOpenThread: {Access Denied} A process has requested access to an object, but has not been granted those access rights. (0xc0000022)
[0825/155541.994:ERROR:exception_snapshot_win.cc(98)] thread ID 8576 not found in process
[0825/155542.030:ERROR:process_reader_win.cc(151)] SuspendThread: Access is denied. (0x5)
[0825/155542.031:ERROR:process_reader_win.cc(151)] SuspendThread: Access is denied. (0x5)
[0825/155542.032:ERROR:process_reader_win.cc(151)] SuspendThread: Access is denied. (0x5)
[0825/155542.032:ERROR:process_reader_win.cc(151)] SuspendThread: Access is denied. (0x5)
[0825/155542.032:ERROR:process_reader_win.cc(151)] SuspendThread: Access is denied. (0x5)
[0825/155542.033:ERROR:process_reader_win.cc(123)] NtOpenThread: {Access Denied} A process has requested access to an object, but has not been granted those access rights. (0xc0000022)
[0825/155542.033:ERROR:exception_snapshot_win.cc(98)] thread ID 11312 not found in process
[0825/172704.161:ERROR:process_reader_win.cc(151)] SuspendThread: Access is denied. (0x5)
[0825/172704.177:ERROR:process_reader_win.cc(151)] SuspendThread: Access is denied. (0x5)
[0825/172704.178:ERROR:process_reader_win.cc(151)] SuspendThread: Access is denied. (0x5)
[0825/172704.178:ERROR:process_reader_win.cc(151)] SuspendThread: Access is denied. (0x5)
[0825/172704.179:ERROR:process_reader_win.cc(123)] NtOpenThread: {Access Denied} A process has requested access to an object, but has not been granted those access rights. (0xc0000022)
[0825/172704.180:ERROR:exception_snapshot_win.cc(98)] thread ID 1884 not found in process
[0825/172704.260:ERROR:process_reader_win.cc(123)] NtOpenThread: {Access Denied} A process has requested access to an object, but has not been granted those access rights. (0xc0000022)
[0825/172704.261:ERROR:exception_snapshot_win.cc(98)] thread ID 13136 not found in process
[0825/182810.717:ERROR:process_reader_win.cc(151)] SuspendThread: Access is denied. (0x5)
[0825/182810.734:ERROR:process_reader_win.cc(151)] SuspendThread: Access is denied. (0x5)
[0825/182810.775:ERROR:process_reader_win.cc(151)] SuspendThread: Access is denied. (0x5)
[0825/182810.775:ERROR:process_reader_win.cc(123)] NtOpenThread: {Access Denied} A process has requested access to an object, but has not been granted those access rights. (0xc0000022)
[0825/182810.776:ERROR:process_reader_win.cc(151)] SuspendThread: Access is denied. (0x5)
[0825/182810.776:ERROR:exception_snapshot_win.cc(98)] thread ID 13436 not found in process
[0825/182810.776:ERROR:process_reader_win.cc(151)] SuspendThread: Access is denied. (0x5)
[0825/182810.777:ERROR:process_reader_win.cc(151)] SuspendThread: Access is denied. (0x5)
[0825/182810.793:ERROR:process_reader_win.cc(123)] NtOpenThread: {Access Denied} A process has requested access to an object, but has not been granted those access rights. (0xc0000022)
[0825/182810.799:ERROR:exception_snapshot_win.cc(98)] thread ID 3940 not found in process
[0825/195419.170:ERROR:process_reader_win.cc(151)] SuspendThread: Access is denied. (0x5)
[0825/195419.308:ERROR:process_reader_win.cc(151)] SuspendThread: Access is denied. (0x5)
[0825/195419.209:ERROR:process_reader_win.cc(123)] NtOpenThread: {Access Denied} A process has requested access to an object, but has not been granted those access rights. (0xc0000022)
[0825/195419.370:ERROR:exception_snapshot_win.cc(98)] thread ID 10496 not found in process
[0825/195419.372:ERROR:process_reader_win.cc(123)] NtOpenThread: {Access Denied} A process has requested access to an object, but has not been granted those access rights. (0xc0000022)
[0825/195419.390:ERROR:exception_snapshot_win.cc(98)] thread ID 11312 not found in process
[0825/195419.191:ERROR:process_reader_win.cc(151)] SuspendThread: Access is denied. (0x5)
[0825/195419.503:ERROR:process_reader_win.cc(123)] NtOpenThread: {Access Denied} A process has requested access to an object, but has not been granted those access rights. (0xc0000022)
[0825/195419.503:ERROR:exception_snapshot_win.cc(98)] thread ID 3532 not found in process
[0825/223448.845:ERROR:file_io.cc(89)] ReadExactly: expected 36, observed 0
[0825/233340.577:ERROR:process_reader_win.cc(123)] NtOpenThread: {Access Denied} A process has requested access to an object, but has not been granted those access rights. (0xc0000022)
[0825/233340.699:ERROR:exception_snapshot_win.cc(98)] thread ID 12968 not found in process
[0825/233340.873:ERROR:process_reader_win.cc(123)] NtOpenThread: {Access Denied} A process has requested access to an object, but has not been granted those access rights. (0xc0000022)
[0825/233340.876:ERROR:exception_snapshot_win.cc(98)] thread ID 6016 not found in process
